<?xml version="1.0" encoding="UTF-8"?>
<!-- Generated by org.testng.reporters.JUnitReportReporter -->
<testsuite skipped="0" hostname="Hi-PC" name="com.demowebshop.testscript.RegisterTest" tests="1" failures="0" timestamp="29 May 2021 19:46:35 GMT" time="16.543" errors="0">
  <testcase name="verifyRegister" time="16.543" classname="com.demowebshop.testscript.RegisterTest"/>
</testsuite> <!-- com.demowebshop.testscript.RegisterTest -->
