<?xml version="1.0" encoding="UTF-8"?>
<!-- Generated by org.testng.reporters.JUnitReportReporter -->
<testsuite skipped="0" hostname="Hi-PC" name="com.demowebshop.testscript.HomeTest" tests="1" failures="0" timestamp="29 May 2021 19:46:35 GMT" time="17.693" errors="0">
  <testcase name="verifyHomePageTitle" time="17.693" classname="com.demowebshop.testscript.HomeTest"/>
</testsuite> <!-- com.demowebshop.testscript.HomeTest -->
